<?xml version="1.0" encoding="UTF-8"?>
<testsuite xmlns:xsi="http://www.w3.org/2001/XMLSchema-instance" xsi:noNamespaceSchemaLocation="https://maven.apache.org/surefire/maven-surefire-plugin/xsd/surefire-test-report-3.0.xsd" version="3.0" name="TestSuite" time="16.767" tests="2" errors="0" skipped="0" failures="0">
  <properties>
[...]
</properties>
  <testcase name="run" classname="utils.ExcelUtilsTest" time="1.8">
    <system-out><![CDATA[[ERROR] 2020-06-21 13:43:16.632 [main] ExcelUtils - This is wrong
No.of rows:2
Value is:Henry
Value is:London
Value is:40
]]></system-out>
  </testcase>
  <testcase name="loginTest" classname="test.FusionBankingLoginTest" time="4.641">
    <system-out><![CDATA[[DEBUG] 2020-06-21 13:43:17.358 [main] InternalLoggerFactory - Using Log4J2 as the default logging framework
[DEBUG] 2020-06-21 13:43:17.364 [main] ResourceLeakDetector - -Dio.netty.leakDetection.level: simple
[DEBUG] 2020-06-21 13:43:17.364 [main] ResourceLeakDetector - -Dio.netty.leakDetection.targetRecords: 4
[DEBUG] 2020-06-21 13:43:17.368 [main] ResourceLeakDetectorFactory - Loaded default ResourceLeakDetector: io.netty.util.ResourceLeakDetector@180e6ac4
[DEBUG] 2020-06-21 13:43:17.384 [main] PlatformDependent - Platform: Windows
[DEBUG] 2020-06-21 13:43:17.386 [main] PlatformDependent0 - -Dio.netty.noUnsafe: false
[DEBUG] 2020-06-21 13:43:17.386 [main] PlatformDependent0 - Java version: 8
[DEBUG] 2020-06-21 13:43:17.387 [main] PlatformDependent0 - sun.misc.Unsafe.theUnsafe: available
[DEBUG] 2020-06-21 13:43:17.388 [main] PlatformDependent0 - sun.misc.Unsafe.copyMemory: available
[DEBUG] 2020-06-21 13:43:17.389 [main] PlatformDependent0 - java.nio.Buffer.address: available
[DEBUG] 2020-06-21 13:43:17.389 [main] PlatformDependent0 - direct buffer constructor: available
[DEBUG] 2020-06-21 13:43:17.390 [main] PlatformDependent0 - java.nio.Bits.unaligned: available, true
[DEBUG] 2020-06-21 13:43:17.390 [main] PlatformDependent0 - jdk.internal.misc.Unsafe.allocateUninitializedArray(int): unavailable prior to Java9
[DEBUG] 2020-06-21 13:43:17.391 [main] PlatformDependent0 - java.nio.DirectByteBuffer.<init>(long, int): available
[DEBUG] 2020-06-21 13:43:17.391 [main] PlatformDependent - sun.misc.Unsafe: available
[DEBUG] 2020-06-21 13:43:17.392 [main] PlatformDependent - -Dio.netty.tmpdir: C:\Users\mounikak\AppData\Local\Temp (java.io.tmpdir)
[DEBUG] 2020-06-21 13:43:17.392 [main] PlatformDependent - -Dio.netty.bitMode: 64 (sun.arch.data.model)
[DEBUG] 2020-06-21 13:43:17.393 [main] PlatformDependent - -Dio.netty.maxDirectMemory: 3741319168 bytes
[DEBUG] 2020-06-21 13:43:17.393 [main] PlatformDependent - -Dio.netty.uninitializedArrayAllocationThreshold: -1
[DEBUG] 2020-06-21 13:43:17.394 [main] CleanerJava6 - java.nio.ByteBuffer.cleaner(): available
[DEBUG] 2020-06-21 13:43:17.394 [main] PlatformDependent - -Dio.netty.noPreferDirect: false
[DEBUG] 2020-06-21 13:43:17.403 [main] PlatformDependent - org.jctools-core.MpscChunkedArrayQueue: available
[DEBUG] 2020-06-21 13:43:17.563 [main] JdkSslContext - Default protocols (JDK): [TLSv1.2, TLSv1.1, TLSv1] 
[DEBUG] 2020-06-21 13:43:17.565 [main] JdkSslContext - Default cipher suites (JDK): [TLS_ECDHE_ECDSA_WITH_AES_128_GCM_SHA256, TLS_ECDHE_RSA_WITH_AES_128_GCM_SHA256, TLS_ECDHE_RSA_WITH_AES_128_CBC_SHA, TLS_RSA_WITH_AES_128_GCM_SHA256, TLS_RSA_WITH_AES_128_CBC_SHA]
[DEBUG] 2020-06-21 13:43:17.601 [main] InternalThreadLocalMap - -Dio.netty.threadLocalMap.stringBuilder.initialSize: 1024
[DEBUG] 2020-06-21 13:43:17.601 [main] InternalThreadLocalMap - -Dio.netty.threadLocalMap.stringBuilder.maxSize: 4096
[DEBUG] 2020-06-21 13:43:17.610 [main] MultithreadEventLoopGroup - -Dio.netty.eventLoopThreads: 8
[DEBUG] 2020-06-21 13:43:17.620 [main] NioEventLoop - -Dio.netty.noKeySetOptimization: false
[DEBUG] 2020-06-21 13:43:17.620 [main] NioEventLoop - -Dio.netty.selectorAutoRebuildThreshold: 512
[DEBUG] 2020-06-21 13:43:17.667 [main] PooledByteBufAllocator - -Dio.netty.allocator.numHeapArenas: 8
[DEBUG] 2020-06-21 13:43:17.667 [main] PooledByteBufAllocator - -Dio.netty.allocator.numDirectArenas: 8
[DEBUG] 2020-06-21 13:43:17.667 [main] PooledByteBufAllocator - -Dio.netty.allocator.pageSize: 8192
[DEBUG] 2020-06-21 13:43:17.667 [main] PooledByteBufAllocator - -Dio.netty.allocator.maxOrder: 11
[DEBUG] 2020-06-21 13:43:17.668 [main] PooledByteBufAllocator - -Dio.netty.allocator.chunkSize: 16777216
[DEBUG] 2020-06-21 13:43:17.668 [main] PooledByteBufAllocator - -Dio.netty.allocator.tinyCacheSize: 512
[DEBUG] 2020-06-21 13:43:17.668 [main] PooledByteBufAllocator - -Dio.netty.allocator.smallCacheSize: 256
[DEBUG] 2020-06-21 13:43:17.668 [main] PooledByteBufAllocator - -Dio.netty.allocator.normalCacheSize: 64
[DEBUG] 2020-06-21 13:43:17.668 [main] PooledByteBufAllocator - -Dio.netty.allocator.maxCachedBufferCapacity: 32768
[DEBUG] 2020-06-21 13:43:17.668 [main] PooledByteBufAllocator - -Dio.netty.allocator.cacheTrimInterval: 8192
[DEBUG] 2020-06-21 13:43:17.668 [main] PooledByteBufAllocator - -Dio.netty.allocator.cacheTrimIntervalMillis: 0
[DEBUG] 2020-06-21 13:43:17.668 [main] PooledByteBufAllocator - -Dio.netty.allocator.useCacheForAllThreads: true
[DEBUG] 2020-06-21 13:43:17.668 [main] PooledByteBufAllocator - -Dio.netty.allocator.maxCachedByteBuffersPerChunk: 1023
[DEBUG] 2020-06-21 13:43:17.678 [main] ByteBufUtil - -Dio.netty.allocator.type: pooled
[DEBUG] 2020-06-21 13:43:17.678 [main] ByteBufUtil - -Dio.netty.threadLocalDirectBufferSize: 0
[DEBUG] 2020-06-21 13:43:17.678 [main] ByteBufUtil - -Dio.netty.maxThreadLocalCharBufferSize: 16384
[DEBUG] 2020-06-21 13:43:19.260 [main] DefaultChannelId - -Dio.netty.processId: 22920 (auto-detected)
[DEBUG] 2020-06-21 13:43:19.263 [main] NetUtil - -Djava.net.preferIPv4Stack: false
[DEBUG] 2020-06-21 13:43:19.263 [main] NetUtil - -Djava.net.preferIPv6Addresses: false
[DEBUG] 2020-06-21 13:43:19.397 [main] NetUtil - Loopback interface: lo (Software Loopback Interface 1, 127.0.0.1)
[DEBUG] 2020-06-21 13:43:19.398 [main] NetUtil - Failed to get SOMAXCONN from sysctl and file \proc\sys\net\core\somaxconn. Default: 200
[DEBUG] 2020-06-21 13:43:19.544 [main] DefaultChannelId - -Dio.netty.machineId: f4:8c:50:ff:fe:cd:d4:7b (auto-detected)
[DEBUG] 2020-06-21 13:43:19.618 [AsyncHttpClient-3-1] AbstractByteBuf - -Dio.netty.buffer.checkAccessible: true
[DEBUG] 2020-06-21 13:43:19.619 [AsyncHttpClient-3-1] AbstractByteBuf - -Dio.netty.buffer.checkBounds: true
[DEBUG] 2020-06-21 13:43:19.619 [AsyncHttpClient-3-1] ResourceLeakDetectorFactory - Loaded default ResourceLeakDetector: io.netty.util.ResourceLeakDetector@1ba0eef5
[DEBUG] 2020-06-21 13:43:19.652 [AsyncHttpClient-3-1] Recycler - -Dio.netty.recycler.maxCapacityPerThread: 4096
[DEBUG] 2020-06-21 13:43:19.652 [AsyncHttpClient-3-1] Recycler - -Dio.netty.recycler.maxSharedCapacityFactor: 2
[DEBUG] 2020-06-21 13:43:19.652 [AsyncHttpClient-3-1] Recycler - -Dio.netty.recycler.linkCapacity: 16
[DEBUG] 2020-06-21 13:43:19.653 [AsyncHttpClient-3-1] Recycler - -Dio.netty.recycler.ratio: 8
[DEBUG] 2020-06-21 13:43:22.288 [main] ThreadLocalRandom - -Dio.netty.initialSeedUniquifier: 0xcc3eedcb5a40ad2e
]]></system-out>
    <system-err><![CDATA[SLF4J: Failed to load class "org.slf4j.impl.StaticLoggerBinder".
SLF4J: Defaulting to no-operation (NOP) logger implementation
SLF4J: See http://www.slf4j.org/codes.html#StaticLoggerBinder for further details.
Starting ChromeDriver 83.0.4103.39 (ccbf011cb2d2b19b506d844400483861342c20cd-refs/branch-heads/4103@{#416}) on port 5697
Only local connections are allowed.
Please see https://chromedriver.chromium.org/security-considerations for suggestions on keeping ChromeDriver safe.
ChromeDriver was started successfully.
Jun 21, 2020 1:43:22 PM org.openqa.selenium.remote.ProtocolHandshake createSession
INFO: Detected dialect: W3C
]]></system-err>
  </testcase>
</testsuite>