<?xml version="1.0" encoding="UTF-8"?>
<testng-results skipped="0" failed="0" ignored="0" total="2" passed="2">
  <reporter-output>
  </reporter-output>
  <suite name="Suite" duration-ms="15333" started-at="2020-06-21T11:48:11 IST" finished-at="2020-06-21T11:48:27 IST">
    <groups>
    </groups>
    <test name="Test" duration-ms="15333" started-at="2020-06-21T11:48:11 IST" finished-at="2020-06-21T11:48:27 IST">
      <class name="utils.ExcelUtilsTest">
        <test-method status="PASS" signature="run()[pri:0, instance:utils.ExcelUtilsTest@6737fd8f]" name="run" duration-ms="1362" started-at="2020-06-21T11:48:18 IST" finished-at="2020-06-21T11:48:20 IST">
          <reporter-output>
          </reporter-output>
        </test-method> <!-- run -->
      </class> <!-- utils.ExcelUtilsTest -->
      <class name="test.FusionBankingLoginTest">
        <test-method status="PASS" signature="testSetUp()[pri:0, instance:test.FusionBankingLoginTest@1efed156]" name="testSetUp" is-config="true" duration-ms="7129" started-at="2020-06-21T11:48:11 IST" finished-at="2020-06-21T11:48:18 IST">
          <reporter-output>
          </reporter-output>
        </test-method> <!-- testSetUp -->
        <test-method status="PASS" signature="loginTest()[pri:0, instance:test.FusionBankingLoginTest@1efed156]" name="loginTest" duration-ms="5194" started-at="2020-06-21T11:48:20 IST" finished-at="2020-06-21T11:48:25 IST">
          <reporter-output>
          </reporter-output>
        </test-method> <!-- loginTest -->
        <test-method status="PASS" signature="tearDowntest()[pri:0, instance:test.FusionBankingLoginTest@1efed156]" name="tearDowntest" is-config="true" duration-ms="1612" started-at="2020-06-21T11:48:25 IST" finished-at="2020-06-21T11:48:27 IST">
          <reporter-output>
          </reporter-output>
        </test-method> <!-- tearDowntest -->
      </class> <!-- test.FusionBankingLoginTest -->
    </test> <!-- Test -->
  </suite> <!-- Suite -->
</testng-results>
