<?xml version="1.0" encoding="UTF-8"?>
<testng-results skipped="0" failed="0" ignored="0" total="1" passed="1">
  <reporter-output>
  </reporter-output>
  <suite name="Default suite" duration-ms="1666" started-at="2020-05-17T20:28:38 IST" finished-at="2020-05-17T20:28:40 IST">
    <groups>
    </groups>
    <test name="Default test" duration-ms="1666" started-at="2020-05-17T20:28:38 IST" finished-at="2020-05-17T20:28:40 IST">
      <class name="utils.ExcelUtilsTest">
        <test-method status="PASS" signature="run()[pri:0, instance:utils.ExcelUtilsTest@2781e022]" name="run" duration-ms="1614" started-at="2020-05-17T20:28:38 IST" finished-at="2020-05-17T20:28:40 IST">
          <reporter-output>
          </reporter-output>
        </test-method> <!-- run -->
      </class> <!-- utils.ExcelUtilsTest -->
    </test> <!-- Default test -->
  </suite> <!-- Default suite -->
</testng-results>
