<?xml version="1.0" encoding="UTF-8"?>
<testng-results skipped="0" failed="0" ignored="0" total="2" passed="2">
  <reporter-output>
  </reporter-output>
  <suite name="Suite" duration-ms="76101" started-at="2020-06-21T13:42:01 IST" finished-at="2020-06-21T13:43:17 IST">
    <groups>
    </groups>
    <test name="Test1" duration-ms="1388" started-at="2020-06-21T13:42:01 IST" finished-at="2020-06-21T13:42:03 IST">
      <class name="utils.ExcelUtilsTest">
        <test-method status="PASS" signature="run()[pri:0, instance:utils.ExcelUtilsTest@4232c52b]" name="run" duration-ms="1328" started-at="2020-06-21T13:42:01 IST" finished-at="2020-06-21T13:42:03 IST">
          <reporter-output>
          </reporter-output>
        </test-method> <!-- run -->
      </class> <!-- utils.ExcelUtilsTest -->
    </test> <!-- Test1 -->
    <test name="Test2" duration-ms="74663" started-at="2020-06-21T13:42:03 IST" finished-at="2020-06-21T13:43:17 IST">
      <class name="test.FusionBankingLoginTest">
        <test-method status="PASS" signature="testSetUp()[pri:0, instance:test.FusionBankingLoginTest@23d2a7e8]" name="testSetUp" is-config="true" duration-ms="5727" started-at="2020-06-21T13:42:03 IST" finished-at="2020-06-21T13:42:08 IST">
          <reporter-output>
          </reporter-output>
        </test-method> <!-- testSetUp -->
        <test-method status="PASS" signature="loginTest()[pri:0, instance:test.FusionBankingLoginTest@23d2a7e8]" name="loginTest" duration-ms="65258" started-at="2020-06-21T13:42:08 IST" finished-at="2020-06-21T13:43:14 IST">
          <reporter-output>
          </reporter-output>
        </test-method> <!-- loginTest -->
        <test-method status="PASS" signature="tearDowntest()[pri:0, instance:test.FusionBankingLoginTest@23d2a7e8]" name="tearDowntest" is-config="true" duration-ms="3673" started-at="2020-06-21T13:43:14 IST" finished-at="2020-06-21T13:43:17 IST">
          <reporter-output>
          </reporter-output>
        </test-method> <!-- tearDowntest -->
      </class> <!-- test.FusionBankingLoginTest -->
    </test> <!-- Test2 -->
    <test name="Test3" duration-ms="1" started-at="2020-06-21T13:43:17 IST" finished-at="2020-06-21T13:43:17 IST">
    </test> <!-- Test3 -->
  </suite> <!-- Suite -->
</testng-results>
